[z0r0] copying 0 paths...
[z0r0] $ export NIX_SSHOPTS=-A; nixos-rebuild switch --show-trace --option keep-going true --option accept-flake-config true -L --flake /nix/store/kqkpd4vd5m06fh8x7sisxg2xssgan2h3-source#z0r0 --fast --build-host 
[z0r0] nixos-rebuild: warning: --fast is deprecated, use --no-reexec instead
[z0r0] building the system configuration...
[z0r0] evaluation warning: `programs.zsh.initExtra` is deprecated, use `programs.zsh.initContent` instead.
[z0r0] 
[z0r0]                     Example: programs.zsh.initContent = "your content here";
[z0r0] these 4 derivations will be built:
[z0r0]   /nix/store/5zq9jpb6a6ajkdhsw89lf9dzmqfgcnw7-services.yaml.drv
[z0r0]   /nix/store/zz2c0rqdsaxgmhrnbzp3q6zdlrba2gh7-etc.drv
[z0r0]   /nix/store/4akpwbxxyi2arcz2d95hkdkqf8cbv62x-activate.drv
[z0r0]   /nix/store/ad1ck5fh3r5s4iq02rkg8kkhp3j2mf4q-nixos-system-z0r0-26.05.20260204.00c21e4.drv
[z0r0] building '/nix/store/5zq9jpb6a6ajkdhsw89lf9dzmqfgcnw7-services.yaml.drv'...
[z0r0] building '/nix/store/zz2c0rqdsaxgmhrnbzp3q6zdlrba2gh7-etc.drv'...
[z0r0] building '/nix/store/4akpwbxxyi2arcz2d95hkdkqf8cbv62x-activate.drv'...
[z0r0] building '/nix/store/ad1ck5fh3r5s4iq02rkg8kkhp3j2mf4q-nixos-system-z0r0-26.05.20260204.00c21e4.drv'...
[z0r0] Checking switch inhibitors...
[z0r0]  done
[z0r0] updating GRUB 2 menu...
[z0r0] Warning: os-prober will be executed to detect other bootable partitions.
[z0r0] Its output will be used to detect bootable binaries on them and create new boot entries.
[z0r0] lsblk: /dev/mapper/no*[0-9]: not a block device
[z0r0] lsblk: /dev/mapper/block*[0-9]: not a block device
[z0r0] lsblk: /dev/mapper/devices*[0-9]: not a block device
[z0r0] lsblk: /dev/mapper/found*[0-9]: not a block device
[z0r0] activating the configuration...
[z0r0] sops-install-secrets: Imported /etc/ssh/ssh_host_rsa_key as GPG key with fingerprint c576c8aff22db243fad1e5e867226987eda97c6f
[z0r0] sops-install-secrets: Imported /etc/ssh/ssh_host_ed25519_key as age key with fingerprint age13ytd3kguxglv2k67mcx298djypxseqx2jkn5vw0zlf2079g28chqw8dm24
[z0r0] setting up /etc...
[z0r0] A file already exists at /etc/machine-id!
[z0r0] A file already exists at /etc/passwd!
[z0r0] A file already exists at /etc/shadow!
[z0r0] A file already exists at /etc/group!
[z0r0] Activation script snippet 'persist-files' failed (1)
[z0r0] sops-install-secrets: Imported /etc/ssh/ssh_host_rsa_key as GPG key with fingerprint c576c8aff22db243fad1e5e867226987eda97c6f
[z0r0] sops-install-secrets: Imported /etc/ssh/ssh_host_ed25519_key as age key with fingerprint age13ytd3kguxglv2k67mcx298djypxseqx2jkn5vw0zlf2079g28chqw8dm24
[z0r0] Failed to run activate script
[z0r0] reloading user units for t0psh31f...
[z0r0] reloading user units for root...
[z0r0] restarting sysinit-reactivation.target
[z0r0] the following new units were started: libvirtd.service
[z0r0] warning: the following units failed: home-manager-t0psh31f.service, nginx.service, persist-persist-etc-group.service, persist-persist-etc-machine\x2did.service, persist-persist-etc-passwd.service, persist-persist-etc-shadow.service, var-lib-chromadb.mount
[z0r0] × home-manager-t0psh31f.service - Home Manager environment for t0psh31f
[z0r0]      Loaded: loaded (/etc/systemd/system/home-manager-t0psh31f.service; enabled; preset: ignored)
[z0r0]      Active: failed (Result: exit-code) since Wed 2026-02-11 01:09:09 PST; 1min 20s ago
[z0r0]    Duration: 5h 2min 12.886s
[z0r0]  Invocation: 08dc909ec5b141bf9e8ab471ee29d4bc
[z0r0]     Process: 3812289 ExecStart=/nix/store/qbdws702kbaxsgrlh2j2gkdn96gdbf6a-hm-setup-env /nix/store/aadb04bp7m5qllbmzawlqrmrq67cnjpn-home-manager-generation (code=exited, status=1/FAILURE)
[z0r0]    Main PID: 3812289 (code=exited, status=1/FAILURE)
[z0r0]          IP: 0B in, 0B out
[z0r0]          IO: 16.2M read, 0B written
[z0r0]    Mem peak: 38.6M
[z0r0]         CPU: 1.756s
[z0r0] 
[z0r0] Feb 11 01:09:08 z0r0 hm-activate-t0psh31f[3812289]: Activating createGpgHomedir
[z0r0] Feb 11 01:09:08 z0r0 hm-activate-t0psh31f[3812289]: Activating linkGeneration
[z0r0] Feb 11 01:09:08 z0r0 hm-activate-t0psh31f[3812289]: Creating home file links in /home/t0psh31f
[z0r0] Feb 11 01:09:09 z0r0 hm-activate-t0psh31f[3812289]: Activating batCache
[z0r0] Feb 11 01:09:09 z0r0 hm-activate-t0psh31f[3812790]: No themes were found in '/home/t0psh31f/.config/bat/themes', using the default set
[z0r0] Feb 11 01:09:09 z0r0 hm-activate-t0psh31f[3812790]: [bat error]: error finding all the files in a directory: IO error for operation on /home/t0psh31f/.config/bat/syntaxes/ghostty.sublime-syntax: No such file or directory (os error 2)
[z0r0] Feb 11 01:09:09 z0r0 systemd[1]: home-manager-t0psh31f.service: Main process exited, code=exited, status=1/FAILURE
[z0r0] Feb 11 01:09:09 z0r0 systemd[1]: home-manager-t0psh31f.service: Failed with result 'exit-code'.
[z0r0] Feb 11 01:09:09 z0r0 systemd[1]: Failed to start Home Manager environment for t0psh31f.
[z0r0] Feb 11 01:09:09 z0r0 systemd[1]: home-manager-t0psh31f.service: Consumed 1.756s CPU time, 38.6M memory peak, 16.2M read from disk.
[z0r0] 
[z0r0] × nginx.service - Nginx Web Server
[z0r0]      Loaded: loaded (/etc/systemd/system/nginx.service; enabled; preset: ignored)
[z0r0]      Active: failed (Result: exit-code) since Wed 2026-02-11 01:10:00 PST; 31s ago
[z0r0]  Invocation: 373d29571db8480a9983c4b9acaf8487
[z0r0]     Process: 3815434 ExecStartPre=/nix/store/825dr5yvihl7dbjm21sqqjq24km6683m-unit-script-nginx-pre-start/bin/nginx-pre-start (code=exited, status=1/FAILURE)
[z0r0]          IP: 0B in, 0B out
[z0r0]          IO: 0B read, 0B written
[z0r0]    Mem peak: 4.4M
[z0r0]         CPU: 389ms
[z0r0] 
[z0r0] Feb 11 01:10:00 z0r0 systemd[1]: nginx.service: Scheduled restart job, restart counter is at 5.
[z0r0] Feb 11 01:10:00 z0r0 systemd[1]: nginx.service: Start request repeated too quickly.
[z0r0] Feb 11 01:10:00 z0r0 systemd[1]: nginx.service: Failed with result 'exit-code'.
[z0r0] Feb 11 01:10:00 z0r0 systemd[1]: Failed to start Nginx Web Server.
[z0r0] 
[z0r0] × persist-persist-etc-group.service - Bind mount or link /persist/etc/group to /etc/group
[z0r0]      Loaded: loaded (/etc/systemd/system/persist-persist-etc-group.service; enabled; preset: ignored)
[z0r0]      Active: failed (Result: exit-code) since Wed 2026-02-11 01:09:07 PST; 1min 24s ago
[z0r0]  Invocation: 57d7c8fbc4c84ce59f2db23ffcc81e17
[z0r0]     Process: 3812272 ExecStart=/nix/store/awqdnshdva4kn3jjkhis99ry1xk1hskj-persistence-mount-file /etc/group /persist/etc/group auto  (code=exited, status=1/FAILURE)
[z0r0]    Main PID: 3812272 (code=exited, status=1/FAILURE)
[z0r0]          IP: 0B in, 0B out
[z0r0]          IO: 0B read, 0B written
[z0r0]    Mem peak: 1.7M
[z0r0]         CPU: 31ms
[z0r0] 
[z0r0] Feb 11 01:09:07 z0r0 systemd[1]: Starting Bind mount or link /persist/etc/group to /etc/group...
[z0r0] Feb 11 01:09:07 z0r0 awqdnshdva4kn3jjkhis99ry1xk1hskj-persistence-mount-file[3812272]: A file already exists at /etc/group!
[z0r0] Feb 11 01:09:07 z0r0 systemd[1]: persist-persist-etc-group.service: Main process exited, code=exited, status=1/FAILURE
[z0r0] Feb 11 01:09:07 z0r0 systemd[1]: persist-persist-etc-group.service: Failed with result 'exit-code'.
[z0r0] Feb 11 01:09:07 z0r0 systemd[1]: Failed to start Bind mount or link /persist/etc/group to /etc/group.
[z0r0] 
[z0r0] × persist-persist-etc-machine\x2did.service - Bind mount or link /persist/etc/machine-id to /etc/machine-id
[z0r0]      Loaded: loaded (/etc/systemd/system/persist-persist-etc-machine\x2did.service; enabled; preset: ignored)
[z0r0]      Active: failed (Result: exit-code) since Wed 2026-02
[z0r0] -11 01:09:07 PST; 1min 24s ago
[z0r0]  Invocation: c8bc263bf3b0437587a9902f40d9f42f
[z0r0]     Process: 3812273 ExecStart=/nix/store/awqdnshdva4kn3jjkhis99ry1xk1hskj-persistence-mount-file /etc/machine-id /persist/etc/machine-id auto  (code=exited, status=1/FAILURE)
[z0r0]    Main PID: 3812273 (code=exited, status=1/FAILURE)
[z0r0]          IP: 0B in, 0B out
[z0r0]          IO: 0B read, 0B written
[z0r0]    Mem peak: 2M
[z0r0]         CPU: 30ms
[z0r0] 
[z0r0] Feb 11 01:09:07 z0r0 systemd[1]: Starting Bind mount or link /persist/etc/machine-id to /etc/machine-id...
[z0r0] Feb 11 01:09:07 z0r0 awqdnshdva4kn3jjkhis99ry1xk1hskj-persistence-mount-file[3812273]: A file already exists at /etc/machine-id!
[z0r0] Feb 11 01:09:07 z0r0 systemd[1]: persist-persist-etc-machine\x2did.service: Main process exited, code=exited, status=1/FAILURE
[z0r0] Feb 11 01:09:07 z0r0 systemd[1]: persist-persist-etc-machine\x2did.service: Failed with result 'exit-code'.
[z0r0] Feb 11 01:09:07 z0r0 systemd[1]: Failed to start Bind mount or link /persist/etc/machine-id to /etc/machine-id.
[z0r0] 
[z0r0] × persist-persist-etc-passwd.service - Bind mount or link /persist/etc/passwd to /etc/passwd
[z0r0]      Loaded: loaded (/etc/systemd/system/persist-persist-etc-passwd.service; enabled; preset: ignored)
[z0r0]      Active: failed (Result: exit-code) since Wed 2026-02-11 01:09:07 PST; 1min 24s ago
[z0r0]  Invocation: 55cdd7320be242d6b32a466d1aba02ef
[z0r0]     Process: 3812274 ExecStart=/nix/store/awqdnshdva4kn3jjkhis99ry1xk1hskj-persistence-mount-file /etc/passwd /persist/etc/passwd auto  (code=exited, status=1/FAILURE)
[z0r0]    Main PID: 3812274 (code=exited, status=1/FAILURE)
[z0r0]          IP: 0B in, 0B out
[z0r0]          IO: 0B read, 0B written
[z0r0]    Mem peak: 1.7M
[z0r0]         CPU: 30ms
[z0r0] 
[z0r0] Feb 11 01:09:07 z0r0 systemd[1]: Starting Bind mount or link /persist/etc/passwd to /etc/passwd...
[z0r0] Feb 11 01:09:07 z0r0 awqdnshdva4kn3jjkhis99ry1xk1hskj-persistence-mount-file[3812274]: A file already exists at /etc/passwd!
[z0r0] Feb 11 01:09:07 z0r0 systemd[1]: persist-persist-etc-passwd.service: Main process exited, code=exited, status=1/FAILURE
[z0r0] Feb 11 01:09:07 z0r0 systemd[1]: persist-persist-etc-passwd.service: Failed with result 'exit-code'.
[z0r0] Feb 11 01:09:07 z0r0 systemd[1]: Failed to start Bind mount or link /persist/etc/passwd to /etc/passwd.
[z0r0] 
[z0r0] × persist-persist-etc-shadow.service - Bind mount or link /persist/etc/shadow to /etc/shadow
[z0r0]      Loaded: loaded (/etc/systemd/system/persist-persist-etc-shadow.service; enabled; preset: ignored)
[z0r0]      Active: failed (Result: exit-code) since Wed 2026-02-11 01:09:07 PST; 1min 25s ago
[z0r0]  Invocation: 5de454711c474eb2bb9c9198df0a4757
[z0r0]     Process: 3812275 ExecStart=/nix/store/awqdnshdva4kn3jjkhis99ry1xk1hskj-persistence-mount-file /etc/shadow /persist/etc/shadow auto  (code=exited, status=1/FAILURE)
[z0r0]    Main PID: 3812275 (code=exited, status=1/FAILURE)
[z0r0]          IP: 0B in, 0B out
[z0r0]          IO: 0B read, 0B written
[z0r0]    Mem peak: 1.7M
[z0r0]         CPU: 29ms
[z0r0] 
[z0r0] Feb 11 01:09:07 z0r0 systemd[1]: Starting Bind mount or link /persist/etc/shadow to /etc/shadow...
[z0r0] Feb 11 01:09:07 z0r0 awqdnshdva4kn3jjkhis99ry1xk1hskj-persistence-mount-file[3812275]: A file already exists at /etc/shadow!
[z0r0] Feb 11 01:09:07 z0r0 systemd[1]: persist-persist-etc-shadow.service: Main process exited, code=exited, status=1/FAILURE
[z0r0] Feb 11 01:09:07 z0r0 systemd[1]: persist-persist-etc-shadow.service: Failed with result 'exit-code'.
[z0r0] Feb 11 01:09:07 z0r0 systemd[1]: Failed to start Bind mount or link /persist/etc/shadow to /etc/shadow.
[z0r0] 
[z0r0] × var-lib-chromadb.mount - /var/lib/chromadb
[z0r0]      Loaded: loaded (/etc/systemd/system/var-lib-chromadb.mount; enabled; preset: ignored)
[z0r0]      Active: failed (Result: resources)
[z0r0]  Invocation: d02603f823e6407aa8028c65e8a3b71a
[z0r0]       Where: /var/lib/chromadb
[z0r0]        What: /persist/var/lib/chromadb
[z0r0] 
[z0r0] Feb 10 21:04:00 z0r0 systemd[1]: Failed to mount /var/lib/chromadb.
[z0r0] Feb 11 00:11:39 z0r0 systemd[1]: var-lib-chromadb.mount: Mount path /var/lib/chromadb is not canonical (contains a symlink).
[z0r0] Feb 11 00:11:39 z0r0 systemd[1]: var-lib-chromadb.mount: Failed with result 'resources'.
[z0r0] Feb 11 00:11:39 z0r0 systemd[1]: Failed to mount /var/lib/chromadb.
[z0r0] Feb 11 00:19:21 z0r0 systemd[1]: var-lib-chromadb.mount: Mount path /
[z0r0] var/lib/chromadb is not canonical (contains a symlink).
[z0r0] Feb 11 00:19:21 z0r0 systemd[1]: var-lib-chromadb.mount: Failed with result 'resources'.
[z0r0] Feb 11 00:19:21 z0r0 systemd[1]: Failed to mount /var/lib/chromadb.
[z0r0] Feb 11 01:09:07 z0r0 systemd[1]: var-lib-chromadb.mount: Mount path /var/lib/chromadb is not canonical (contains a symlink).
[z0r0] Feb 11 01:09:07 z0r0 systemd[1]: var-lib-chromadb.mount: Failed with result 'resources'.
[z0r0] Feb 11 01:09:07 z0r0 systemd[1]: Failed to mount /var/lib/chromadb.
[z0r0] Command 'systemd-run -E LOCALE_ARCHIVE -E NIXOS_INSTALL_BOOTLOADER -E NIXOS_NO_CHECK --collect --no-ask-password --pipe --quiet --service-type=exec --unit=nixos-rebuild-switch-to-configuration /nix/store/zn4bgbmshymj03hn6p5hskk9vv47152k-nixos-system-z0r0-26.05.20260204.00c21e4/bin/switch-to-configuration switch' returned non-zero exit status 4.
[z0r0] $ export NIX_SSHOPTS=-A; nixos-rebuild switch --show-trace --option keep-going true --option accept-flake-config true -L --flake /nix/store/kqkpd4vd5m06fh8x7sisxg2xssgan2h3-source#z0r0 --fast --build-host 
[z0r0] nixos-rebuild: warning: --fast is deprecated, use --no-reexec instead
[z0r0] building the system configuration...
[z0r0] Checking switch inhibitors...
[z0r0]  done
[z0r0] updating GRUB 2 menu...
[z0r0] Warning: os-prober will be executed to detect other bootable partitions.
[z0r0] Its output will be used to detect bootable binaries on them and create new boot entries.
[z0r0] lsblk: /dev/mapper/no*[0-9]: not a block device
[z0r0] lsblk: /dev/mapper/block*[0-9]: not a block device
[z0r0] lsblk: /dev/mapper/devices*[0-9]: not a block device
[z0r0] lsblk: /dev/mapper/found*[0-9]: not a block device
[z0r0] activating the configuration...
[z0r0] sops-install-secrets: Imported /etc/ssh/ssh_host_rsa_key as GPG key with fingerprint c576c8aff22db243fad1e5e867226987eda97c6f
[z0r0] sops-install-secrets: Imported /etc/ssh/ssh_host_ed25519_key as age key with fingerprint age13ytd3kguxglv2k67mcx298djypxseqx2jkn5vw0zlf2079g28chqw8dm24
[z0r0] setting up /etc...
[z0r0] A file already exists at /etc/machine-id!
[z0r0] A file already exists at /etc/passwd!
[z0r0] A file already exists at /etc/shadow!
[z0r0] A file already exists at /etc/group!
[z0r0] Activation script snippet 'persist-files' failed (1)
[z0r0] sops-install-secrets: Imported /etc/ssh/ssh_host_rsa_key as GPG key with fingerprint c576c8aff22db243fad1e5e867226987eda97c6f
[z0r0] sops-install-secrets: Imported /etc/ssh/ssh_host_ed25519_key as age key with fingerprint age13ytd3kguxglv2k67mcx298djypxseqx2jkn5vw0zlf2079g28chqw8dm24
[z0r0] Failed to run activate script
[z0r0] reloading user units for t0psh31f...
[z0r0] reloading user units for root...
[z0r0] restarting sysinit-reactivation.target
[z0r0] warning: the following units failed: home-manager-t0psh31f.service, persist-persist-etc-group.service, persist-persist-etc-machine\x2did.service, persist-persist-etc-passwd.service, persist-persist-etc-shadow.service, var-lib-chromadb.mount
[z0r0] × home-manager-t0psh31f.service - Home Manager environment for t0psh31f
[z0r0]      Loaded: loaded (/etc/systemd/system/home-manager-t0psh31f.service; enabled; preset: ignored)
[z0r0]      Active: failed (Result: exit-code) since Wed 2026-02-11 01:10:58 PST; 14s ago
[z0r0]    Duration: 5h 2min 12.886s
[z0r0]  Invocation: 943eb1c173524dd5954bdb57eaa39ea3
[z0r0]     Process: 3820459 ExecStart=/nix/store/qbdws702kbaxsgrlh2j2gkdn96gdbf6a-hm-setup-env /nix/store/aadb04bp7m5qllbmzawlqrmrq67cnjpn-home-manager-generation (code=exited, status=1/FAILURE)
[z0r0]    Main PID: 3820459 (code=exited, status=1/FAILURE)
[z0r0]          IP: 0B in, 0B out
[z0r0]          IO: 7.6M read, 0B written
[z0r0]    Mem peak: 36M
[z0r0]         CPU: 1.686s
[z0r0] 
[z0r0] Feb 11 01:10:57 z0r0 hm-activate-t0psh31f[3820459]: Activating createGpgHomedir
[z0r0] Feb 11 01:10:57 z0r0 hm-activate-t0psh31f[3820459]: Activating linkGeneration
[z0r0] Feb 11 01:10:57 z0r0 hm-activate-t0psh31f[3820459]: Creating home file links in /home/t0psh31f
[z0r0] Feb 11 01:10:58 z0r0 hm-activate-t0psh31f[3820459]: Activating batCache
[z0r0] Feb 11 01:10:58 z0r0 hm-activate-t0psh31f[3820899]: No themes were found in '/home/t0psh31f/.config/bat/themes', using the default set
[z0r0] Feb 11 01:10:58 z0r0 hm-activate-t0psh31f[3820899]: [bat error]: error finding all the files in a directory: IO error for operation on /home/t0psh31f/.config/bat/syntaxes/ghostty.sublime-syntax: No such file or directory (os error 2)
[z0r0] Feb 11 01:10:58 z0r0 systemd[1]: home-manager-t0psh31f.service: Main process exited, code=exited, status=1/FAILURE
[z0r0] Feb 11 01:10:58 z0r0 systemd[1]: home-manager-t0psh31f.service: Failed with result 'exit-code'.
[z0r0] Feb 11 01:10:58 z0r0 systemd[1]: Failed to start Home Manager environment for t0psh31f.
[z0r0] Feb 11 01:10:58 z0r0 systemd[1]: home-manager-t0psh31f.service: Consumed 1.686s CPU time, 36M memory peak, 7.6M read from disk.
[z0r0] 
[z0r0] × persist-persist-etc-group.service - Bind mount or link /persist/etc/group to /etc/group
[z0r0]      Loaded: loaded (/etc/systemd/system/persist-persist-etc-group.service; enabled; preset: ignored)
[z0r0]      Active: failed (Result: exit-code) since Wed 2026-02-11 01:10:57 PST; 16s ago
[z0r0]  Invocation: a46b8066db534c388b44b33cdb47d01f
[z0r0]     Process: 3820488 ExecStart=/nix/store/awqdnshdva4kn3jjkhis99ry1xk1hskj-persistence-mount-file /etc/group /persist/etc/group auto  (code=exited, status=1/FAILURE)
[z0r0]    Main PID: 3820488 (code=exited, status=1/FAILURE)
[z0r0]          IP: 0B in, 0B out
[z0r0]          IO: 0B read, 0B written
[z0r0]    Mem peak: 2M
[z0r0]         CPU: 26ms
[z0r0] 
[z0r0] Feb 11 01:10:57 z0r0 systemd[1]: Starting Bind mount or link /persist/etc/group to /etc/group...
[z0r0] Feb 11 01:10:57 z0r0 awqdnshdva4kn3jjkhis99ry1xk1hskj-persistence-mount-file[3820488]: A file already exists at /etc/group!
[z0r0] Feb 11 01:10:57 z0r0 systemd[1]: persist-persist-etc-group.service: Main process exited, code=exited, status=1/FAILURE
[z0r0] Feb 11 01:10:57 z0r0 systemd[1]: persist-persist-etc-group.service: Failed with result 'exit-code'.
[z0r0] Feb 11 01:10:57 z0r0 systemd[1]: Failed to start Bind mount or link /persist/etc/group to /etc/group.
[z0r0] 
[z0r0] × persist-persist-etc-machine\x2did.service - Bind mount or link /persist/etc/machine-id to /etc/machine-id
[z0r0]      Loaded: loaded (/etc/systemd/system/persist-persist-etc-machine\x2did.service; enabled; preset: ignored)
[z0r0]      Active: failed (Result: exit-code) since Wed 2026-02-11 01:10:57 PST; 16s ago
[z0r0]  Invocation: 4be1e3aea4e5498c9d18e55fddd71561
[z0r0]     Process: 3820491 ExecStart=/nix/store/awqdnshdva4kn3jjkhis99ry1xk1hskj-persistence-mount-file /etc/machine-id /persist/etc/machine-id auto  (code=exited, status=1/FAILURE)
[z0r0]    Main PID: 3820491 (code=exited, status=1/FAILURE)
[z0r0]          IP: 0B in, 0B out
[z0r0]          IO: 0B read, 0B written
[z0r0]    Mem peak: 2M
[z0r0]         CPU: 27ms
[z0r0] 
[z0r0] Feb 11 01:10:57 z0r0 systemd[1]: Starting Bind mount or link /persist/etc/machine-id to /etc/machine-id...
[z0r0] Feb 11 01:10:57 z0r0 awqdnshdva4kn3jjkhis99ry1xk1hskj-persistence-mount-file[3820491]: A file already exists at /etc/machine-id!
[z0r0] Feb 11 01:10:57 z0r0 systemd[1]: persist-persist-etc-machine\x2did.service: Main process exited, code=exited, status=1/FAILURE
[z0r0] Feb 11 01:10:57 z0r0 systemd[1]: persist-persist-etc-machine\x2did.service: Failed with re
[z0r0] sult 'exit-code'.
[z0r0] Feb 11 01:10:57 z0r0 systemd[1]: Failed to start Bind mount or link /persist/etc/machine-id to /etc/machine-id.
[z0r0] 
[z0r0] × persist-persist-etc-passwd.service - Bind mount or link /persist/etc/passwd to /etc/passwd
[z0r0]      Loaded: loaded (/etc/systemd/system/persist-persist-etc-passwd.service; enabled; preset: ignored)
[z0r0]      Active: failed (Result: exit-code) since Wed 2026-02-11 01:10:57 PST; 16s ago
[z0r0]  Invocation: 8b82c72c2c7e43dfafe572b03ef170b5
[z0r0]     Process: 3820492 ExecStart=/nix/store/awqdnshdva4kn3jjkhis99ry1xk1hskj-persistence-mount-file /etc/passwd /persist/etc/passwd auto  (code=exited, status=1/FAILURE)
[z0r0]    Main PID: 3820492 (code=exited, status=1/FAILURE)
[z0r0]          IP: 0B in, 0B out
[z0r0]          IO: 0B read, 0B written
[z0r0]    Mem peak: 1.7M
[z0r0]         CPU: 29ms
[z0r0] 
[z0r0] Feb 11 01:10:57 z0r0 systemd[1]: Starting Bind mount or link /persist/etc/passwd to /etc/passwd...
[z0r0] Feb 11 01:10:57 z0r0 awqdnshdva4kn3jjkhis99ry1xk1hskj-persistence-mount-file[3820492]: A file already exists at /etc/passwd!
[z0r0] Feb 11 01:10:57 z0r0 systemd[1]: persist-persist-etc-passwd.service: Main process exited, code=exited, status=1/FAILURE
[z0r0] Feb 11 01:10:57 z0r0 systemd[1]: persist-persist-etc-passwd.service: Failed with result 'exit-code'.
[z0r0] Feb 11 01:10:57 z0r0 systemd[1]: Failed to start Bind mount or link /persist/etc/passwd to /etc/passwd.
[z0r0] 
[z0r0] × persist-persist-etc-shadow.service - Bind mount or link /persist/etc/shadow to /etc/shadow
[z0r0]      Loaded: loaded (/etc/systemd/system/persist-persist-etc-shadow.service; enabled; preset: ignored)
[z0r0]      Active: failed (Result: exit-code) since Wed 2026-02-11 01:10:57 PST; 16s ago
[z0r0]  Invocation: 8db33d24b3774d2aa4f0553f5d696d40
[z0r0]     Process: 3820493 ExecStart=/nix/store/awqdnshdva4kn3jjkhis99ry1xk1hskj-persistence-mount-file /etc/shadow /persist/etc/shadow auto  (code=exited, status=1/FAILURE)
[z0r0]    Main PID: 3820493 (code=exited, status=1/FAILURE)
[z0r0]          IP: 0B in, 0B out
[z0r0]          IO: 0B read, 0B written
[z0r0]    Mem peak: 1.7M
[z0r0]         CPU: 24ms
[z0r0] 
[z0r0] Feb 11 01:10:57 z0r0 systemd[1]: Starting Bind mount or link /persist/etc/shadow to /etc/shadow...
[z0r0] Feb 11 01:10:57 z0r0 awqdnshdva4kn3jjkhis99ry1xk1hskj-persistence-mount-file[3820493]: A file already exists at /etc/shadow!
[z0r0] Feb 11 01:10:57 z0r0 systemd[1]: persist-persist-etc-shadow.service: Main process exited, code=exited, status=1/FAILURE
[z0r0] Feb 11 01:10:57 z0r0 systemd[1]: persist-persist-etc-shadow.service: Failed with result 'exit-code'.
[z0r0] Feb 11 01:10:57 z0r0 systemd[1]: Failed to start Bind mount or link /persist/etc/shadow to /etc/shadow.
[z0r0] 
[z0r0] × var-lib-chromadb.mount - /var/lib/chromadb
[z0r0]      Loaded: loaded (/etc/systemd/system/var-lib-chromadb.mount; enabled; preset: ignored)
[z0r0]      Active: failed (Result: resources)
[z0r0]  Invocation: e0d65701ca294acea8074128160ea9b6
[z0r0]       Where: /var/lib/chromadb
[z0r0]        What: /persist/var/lib/chromadb
[z0r0] 
[z0r0] Feb 11 00:11:39 z0r0 systemd[1]: Failed to mount /var/lib/chromadb.
[z0r0] Feb 11 00:19:21 z0r0 systemd[1]: var-lib-chromadb.mount: Mount path /var/lib/chromadb is not canonical (contains a symlink).
[z0r0] Feb 11 00:19:21 z0r0 systemd[1]: var-lib-chromadb.mount: Failed with result 'resources'.
[z0r0] Feb 11 00:19:21 z0r0 systemd[1]: Failed to mount /var/lib/chromadb.
[z0r0] Feb 11 01:09:07 z0r0 systemd[1]: var-lib-chromadb.mount: Mount path /var/lib/chromadb is not canonical (contains a symlink).
[z0r0] Feb 11 01:09:07 z0r0 systemd[1]: var-lib-chromadb.mount: Failed with result 'resources'.
[z0r0] Feb 11 01:09:07 z0r0 systemd[1]: Failed to mount /var/lib/chromadb.
[z0r0] Feb 11 01:10:57 z0r0 systemd[1]: var-lib-chromadb.mount: Mount path /var/lib/chromadb is not canonical (contains a symlink).
[z0r0] Feb 11 01:10:57 z0r0 systemd[1]: var-lib-chromadb.mount: Failed with result 'resources'.
[z0r0] Feb 11 01:10:57 z0r0 systemd[1]: Failed to mount /var/lib/chromadb.
[z0r0] Command 'systemd-run -E LOCALE_ARCHIVE -E NIXOS_INSTALL_BOOTLOADER -E NIXOS_NO_CHECK --collect --no-ask-password --pipe --quiet --service-type=exec --unit=nixos-rebuild-switch-to-configuration /nix/store/zn4bgbmshymj03hn6p5hskk9vv47152k-nixos-system-z0r0-26.05.20260204.00c21e4/bin/switch-to-configuration switch' returned non-zero exit status 4.
[z0r0] failed with error: 
=================================== Command ====================================
ssh \
    root@z0r0.local \
    -A -o \
    ControlMaster=auto \
    -o ControlPersist=1m \
    -o ControlPath=/tmp/nix-shell.3VXVhq/clan-sshvqdz6g9d/socket \
    -- bash \
    -c ''"'"'export NIX_SSHOPTS=-A; exec "$@"'"'"'' \
    -- 'nixos-rebuild switch --show-trace --option keep-going true --option accept-flake-config true -L --flake '"'"'/nix/store/kqkpd4vd5m06fh8x7sisxg2xssgan2h3-source#z0r0'"'"' --fast --build-host '"'"''"'"''
==================================== Stdout ====================================
sops-install-secrets: Imported /etc/ssh/ssh_host_rsa_key as GPG key with fingerprint c576c8aff22db243fad1e5e867226987eda97c6f
setting up /etc...
Activation script snippet 'persist-files' failed (1)
sops-install-secrets: Imported /etc/ssh/ssh_host_rsa_key as GPG key with fingerprint c576c8aff22db243fad1e5e867226987eda97c6f
× home-manager-t0psh31f.service - Home Manager environment for t0psh31f
     Loaded: loaded (/etc/systemd/system/home-manager-t0psh31f.service; enabled; preset: ignored)
     Active: failed (Result: exit-code) since Wed 2026-02-11 01:10:58 PST; 14s ago
   Duration: 5h 2min 12.886s
 Invocation: 943eb1c173524dd5954bdb57eaa39ea3
    Process: 3820459 ExecStart=/nix/store/qbdws702kbaxsgrlh2j2gkdn96gdbf6a-hm-setup-env /nix/store/aadb04bp7m5qllbmzawlqrmrq67cnjpn-home-manager-generation (code=exited, status=1/FAILURE)
   Main PID: 3820459 (code=exited, status=1/FAILURE)
         IP: 0B in, 0B out
         IO: 7.6M read, 0B written
   Mem peak: 36M
        CPU: 1.686s

Feb 11 01:10:57 z0r0 hm-activate-t0psh31f[3820459]: Activating createGpgHomedir
Feb 11 01:10:57 z0r0 hm-activate-t0psh31f[3820459]: Activating linkGeneration
Feb 11 01:10:57 z0r0 hm-activate-t0psh31f[3820459]: Creating home file links in /home/t0psh31f
Feb 11 01:10:58 z0r0 hm-activate-t0psh31f[3820459]: Activating batCache
Feb 11 01:10:58 z0r0 hm-activate-t0psh31f[3820899]: No themes were found in '/home/t0psh31f/.config/bat/themes', using the default set
Feb 11 01:10:58 z0r0 hm-activate-t0psh31f[3820899]: [bat error]: error finding all the files in a directory: IO error for operation on /home/t0psh31f/.config/bat/syntaxes/ghostty.sublime-syntax: No such file or directory (os error 2)
Feb 11 01:10:58 z0r0 systemd[1]: home-manager-t0psh31f.service: Main process exited, code=exited, status=1/FAILURE
Feb 11 01:10:58 z0r0 systemd[1]: home-manager-t0psh31f.service: Failed with result 'exit-code'.
Feb 11 01:10:58 z0r0 systemd[1]: Failed to start Home Manager environment for t0psh31f.
Feb 11 01:10:58 z0r0 systemd[1]: home-manager-t0psh31f.service: Consumed 1.686s CPU time, 36M memory peak, 7.6M read from disk.

× persist-persist-etc-group.service - Bind mount or link /persist/etc/group to /etc/group
     Loaded: loaded (/etc/systemd/system/persist-persist-etc-group.service; enabled; preset: ignored)
     Active: failed (Result: exit-code) since Wed 2026-02-11 01:10:57 PST; 16s ago
 Invocation: a46b8066db534c388b44b33cdb47d01f
    Process: 3820488 ExecStart=/nix/store/awqdnshdva4kn3jjkhis99ry1xk1hskj-persistence-mount-file /etc/group /persist/etc/group auto  (code=exited, status=1/FAILURE)
   Main PID: 3820488 (code=exited, status=1/FAILURE)
         IP: 0B in, 0B out
         IO: 0B read, 0B written
   Mem peak: 2M
        CPU: 26ms

Feb 11 01:10:57 z0r0 systemd[1]: Starting Bind mount or link /persist/etc/group to /etc/group...
Feb 11 01:10:57 z0r0 awqdnshdva4kn3jjkhis99ry1xk1hskj-persistence-mount-file[3820488]: A file already exists at /etc/group!
Feb 11 01:10:57 z0r0 systemd[1]: persist-persist-etc-group.service: Main process exited, code=exited, status=1/FAILURE
Feb 11 01:10:57 z0r0 systemd[1]: persist-persist-etc-group.service: Failed with result 'exit-code'.
Feb 11 01:10:57 z0r0 systemd[1]: Failed to start Bind mount or link /persist/etc/group to /etc/group.

× persist-persist-etc-machine\x2did.service - Bind mount or link /persist/etc/machine-id to /etc/machine-id
     Loaded: loaded (/etc/systemd/system/persist-persist-etc-machine\x2did.service; enabled; preset: ignored)
     Active: failed (Result: exit-code) since Wed 2026-02-11 01:10:57 PST; 16s ago
 Invocation: 4be1e3aea4e5498c9d18e55fddd71561
    Process: 3820491 ExecStart=/nix/store/awqdnshdva4kn3jjkhis99ry1xk1hskj-persistence-mount-file /etc/machine-id /persist/etc/machine-id auto  (code=exited, status=1/FAILURE)
   Main PID: 3820491 (code=exited, status=1/FAILURE)
         IP: 0B in, 0B out
         IO: 0B read, 0B written
   Mem peak: 2M
        CPU: 27ms

Feb 11 01:10:57 z0r0 systemd[1]: Starting Bind mount or link /persist/etc/machine-id to /etc/machine-id...
Feb 11 01:10:57 z0r0 awqdnshdva4kn3jjkhis99ry1xk1hskj-persistence-mount-file[3820491]: A file already exists at /etc/machine-id!
Feb 11 01:10:57 z0r0 systemd[1]: persist-persist-etc-machine\x2did.service: Main process exited, code=exited, status=1/FAILURE
Feb 11 01:10:57 z0r0 systemd[1]: persist-persist-etc-machine\x2did.service: Failed with result 'exit-code'.
Feb 11 01:10:57 z0r0 systemd[1]: Failed to start Bind mount or link /persist/etc/machine-id to /etc/machine-id.

× persist-persist-etc-passwd.service - Bind mount or link /persist/etc/passwd to /etc/passwd
     Loaded: loaded (/etc/systemd/system/persist-persist-etc-passwd.service; enabled; preset: ignored)
     Active: failed (Result: exit-code) since Wed 2026-02-11 01:10:57 PST; 16s ago
 Invocation: 8b82c72c2c7e43dfafe572b03ef170b5
    Process: 3820492 ExecStart=/nix/store/awqdnshdva4kn3jjkhis99ry1xk1hskj-persistence-mount-file /etc/passwd /persist/etc/passwd auto  (code=exited, status=1/FAILURE)
   Main PID: 3820492 (code=exited, status=1/FAILURE)
         IP: 0B in, 0B out
         IO: 0B read, 0B written
   Mem peak: 1.7M
        CPU: 29ms

Feb 11 01:10:57 z0r0 systemd[1]: Starting Bind mount or link /persist/etc/passwd to /etc/passwd...
Feb 11 01:10:57 z0r0 awqdnshdva4kn3jjkhis99ry1xk1hskj-persistence-mount-file[3820492]: A file already exists at /etc/passwd!
Feb 11 01:10:57 z0r0 systemd[1]: persist-persist-etc-passwd.service: Main process exited, code=exited, status=1/FAILURE
Feb 11 01:10:57 z0r0 systemd[1]: persist-persist-etc-passwd.service: Failed with result 'exit-code'.
Feb 11 01:10:57 z0r0 systemd[1]: Failed to start Bind mount or link /persist/etc/passwd to /etc/passwd.

× persist-persist-etc-shadow.service - Bind mount or link /persist/etc/shadow to /etc/shadow
     Loaded: loaded (/etc/systemd/system/persist-persist-etc-shadow.service; enabled; preset: ignored)
     Active: failed (Result: exit-code) since Wed 2026-02-11 01:10:57 PST; 16s ago
 Invocation: 8db33d24b3774d2aa4f0553f5d696d40
    Process: 3820493 ExecStart=/nix/store/awqdnshdva4kn3jjkhis99ry1xk1hskj-persistence-mount-file /etc/shadow /persist/etc/shadow auto  (code=exited, status=1/FAILURE)
   Main PID: 3820493 (code=exited, status=1/FAILURE)
         IP: 0B in, 0B out
         IO: 0B read, 0B written
   Mem peak: 1.7M
        CPU: 24ms

Feb 11 01:10:57 z0r0 systemd[1]: Starting Bind mount or link /persist/etc/shadow to /etc/shadow...
Feb 11 01:10:57 z0r0 awqdnshdva4kn3jjkhis99ry1xk1hskj-persistence-mount-file[3820493]: A file already exists at /etc/shadow!
Feb 11 01:10:57 z0r0 systemd[1]: persist-persist-etc-shadow.service: Main process exited, code=exited, status=1/FAILURE
Feb 11 01:10:57 z0r0 systemd[1]: persist-persist-etc-shadow.service: Failed with result 'exit-code'.
Feb 11 01:10:57 z0r0 systemd[1]: Failed to start Bind mount or link /persist/etc/shadow to /etc/shadow.

× var-lib-chromadb.mount - /var/lib/chromadb
     Loaded: loaded (/etc/systemd/system/var-lib-chromadb.mount; enabled; preset: ignored)
     Active: failed (Result: resources)
 Invocation: e0d65701ca294acea8074128160ea9b6
      Where: /var/lib/chromadb
       What: /persist/var/lib/chromadb

Feb 11 00:11:39 z0r0 systemd[1]: Failed to mount /var/lib/chromadb.
Feb 11 00:19:21 z0r0 systemd[1]: var-lib-chromadb.mount: Mount path /var/lib/chromadb is not canonical (contains a symlink).
Feb 11 00:19:21 z0r0 systemd[1]: var-lib-chromadb.mount: Failed with result 'resources'.
Feb 11 00:19:21 z0r0 systemd[1]: Failed to mount /var/lib/chromadb.
Feb 11 01:09:07 z0r0 systemd[1]: var-lib-chromadb.mount: Mount path /var/lib/chromadb is not canonical (contains a symlink).
Feb 11 01:09:07 z0r0 systemd[1]: var-lib-chromadb.mount: Failed with result 'resources'.
Feb 11 01:09:07 z0r0 systemd[1]: Failed to mount /var/lib/chromadb.
Feb 11 01:10:57 z0r0 systemd[1]: var-lib-chromadb.mount: Mount path /var/lib/chromadb is not canonical (contains a symlink).
Feb 11 01:10:57 z0r0 systemd[1]: var-lib-chromadb.mount: Failed with result 'resources'.
Feb 11 01:10:57 z0r0 systemd[1]: Failed to mount /var/lib/chromadb.

==================================== Stderr ====================================
nixos-rebuild: warning: --fast is deprecated, use --no-reexec instead
building the system configuration...
Checking switch inhibitors... done
updating GRUB 2 menu...
Warning: os-prober will be executed to detect other bootable partitions.
Its output will be used to detect bootable binaries on them and create new boot entries.
lsblk: /dev/mapper/no*[0-9]: not a block device
lsblk: /dev/mapper/block*[0-9]: not a block device
lsblk: /dev/mapper/devices*[0-9]: not a block device
lsblk: /dev/mapper/found*[0-9]: not a block device
activating the configuration...
sops-install-secrets: Imported /etc/ssh/ssh_host_ed25519_key as age key with fingerprint age13ytd3kguxglv2k67mcx298djypxseqx2jkn5vw0zlf2079g28chqw8dm24
A file already exists at /etc/machine-id!
A file already exists at /etc/passwd!
A file already exists at /etc/shadow!
A file already exists at /etc/group!
sops-install-secrets: Imported /etc/ssh/ssh_host_ed25519_key as age key with fingerprint age13ytd3kguxglv2k67mcx298djypxseqx2jkn5vw0zlf2079g28chqw8dm24
Failed to run activate script
reloading user units for t0psh31f...
reloading user units for root...
restarting sysinit-reactivation.target
warning: the following units failed: home-manager-t0psh31f.service, persist-persist-etc-group.service, persist-persist-etc-machine\x2did.service, persist-persist-etc-passwd.service, persist-persist-etc-shadow.service, var-lib-chromadb.mount
Command 'systemd-run -E LOCALE_ARCHIVE -E NIXOS_INSTALL_BOOTLOADER -E NIXOS_NO_CHECK --collect --no-ask-password --pipe --quiet --service-type=exec --unit=nixos-rebuild-switch-to-configuration /nix/store/zn4bgbmshymj03hn6p5hskk9vv47152k-nixos-system-z0r0-26.05.20260204.00c21e4/bin/switch-to-configuration switch' returned non-zero exit status 4.

Return Code: 4

1 hosts failed with an error. Check the logs above
